<?xml version="1.0" encoding="UTF-8"?>
<coverage generated="1391258417">
  <project timestamp="1391258417">
    <package name="DoctrineDataFixtureModule\Command">
      <file name="/home/martin/Work/github/DoctrineDataFixtureModule/src/DoctrineDataFixtureModule/Command/ImportCommand.php">
        <class name="ImportCommand" namespace="DoctrineDataFixtureModule\Command">
          <metrics methods="3" coveredmethods="3" conditionals="0" coveredconditionals="0" statements="29" coveredstatements="27" elements="32" coveredelements="30"/>
        </class>
        <line num="0" type="stmt" count="1"/>
        <line num="59" type="method" name="__construct" crap="1" count="1"/>
        <line num="65" type="stmt" count="1"/>
        <line num="66" type="stmt" count="1"/>
        <line num="67" type="stmt" count="1"/>
        <line num="68" type="stmt" count="1"/>
        <line num="70" type="stmt" count="1"/>
        <line num="71" type="stmt" count="1"/>
        <line num="73" type="method" name="configure" crap="1" count="1"/>
        <line num="75" type="stmt" count="1"/>
        <line num="77" type="stmt" count="1"/>
        <line num="78" type="stmt" count="1"/>
        <line num="79" type="stmt" count="1"/>
        <line num="83" type="stmt" count="1"/>
        <line num="84" type="stmt" count="1"/>
        <line num="85" type="stmt" count="1"/>
        <line num="86" type="stmt" count="1"/>
        <line num="87" type="stmt" count="1"/>
        <line num="88" type="stmt" count="1"/>
        <line num="89" type="stmt" count="1"/>
        <line num="91" type="stmt" count="1"/>
        <line num="92" type="stmt" count="1"/>
        <line num="94" type="method" name="execute" crap="3.07" count="1"/>
        <line num="96" type="stmt" count="1"/>
        <line num="97" type="stmt" count="1"/>
        <line num="98" type="stmt" count="1"/>
        <line num="100" type="stmt" count="1"/>
        <line num="101" type="stmt" count="0"/>
        <line num="102" type="stmt" count="0"/>
        <line num="103" type="stmt" count="1"/>
        <line num="106" type="stmt" count="1"/>
        <line num="109" type="stmt" count="1"/>
        <line num="110" type="stmt" count="1"/>
        <line num="112" type="stmt" count="1"/>
        <metrics loc="111" ncloc="81" classes="1" methods="3" coveredmethods="2" conditionals="0" coveredconditionals="0" statements="29" coveredstatements="27" elements="32" coveredelements="29"/>
      </file>
    </package>
    <package name="DoctrineDataFixtureModule\Loader">
      <file name="/home/martin/Work/github/DoctrineDataFixtureModule/src/DoctrineDataFixtureModule/Loader/ServiceLocatorAwareLoader.php">
        <class name="ServiceLocatorAwareLoader" namespace="DoctrineDataFixtureModule\Loader">
          <metrics methods="4" coveredmethods="4" conditionals="0" coveredconditionals="0" statements="23" coveredstatements="22" elements="27" coveredelements="26"/>
        </class>
        <line num="41" type="method" name="__construct" crap="1" count="6"/>
        <line num="43" type="stmt" count="6"/>
        <line num="44" type="stmt" count="6"/>
        <line num="51" type="method" name="addFixture" crap="2" count="5"/>
        <line num="53" type="stmt" count="5"/>
        <line num="54" type="stmt" count="3"/>
        <line num="55" type="stmt" count="3"/>
        <line num="56" type="stmt" count="5"/>
        <line num="57" type="stmt" count="5"/>
        <line num="59" type="method" name="loadPath" crap="3.01" count="2"/>
        <line num="61" type="stmt" count="2"/>
        <line num="62" type="stmt" count="1"/>
        <line num="63" type="stmt" count="2"/>
        <line num="64" type="stmt" count="1"/>
        <line num="65" type="stmt" count="1"/>
        <line num="66" type="stmt" count="1"/>
        <line num="68" type="stmt" count="1"/>
        <line num="69" type="stmt" count="1"/>
        <line num="70" type="stmt" count="1"/>
        <line num="71" type="stmt" count="1"/>
        <line num="72" type="stmt" count="0"/>
        <line num="74" type="stmt" count="2"/>
        <line num="76" type="method" name="loadPaths" crap="2" count="1"/>
        <line num="78" type="stmt" count="1"/>
        <line num="79" type="stmt" count="1"/>
        <line num="80" type="stmt" count="1"/>
        <line num="81" type="stmt" count="1"/>
        <line num="83" type="stmt" count="1"/>
        <line num="87" type="stmt" count="2"/>
        <metrics loc="82" ncloc="49" classes="1" methods="4" coveredmethods="3" conditionals="0" coveredconditionals="0" statements="23" coveredstatements="22" elements="27" coveredelements="25"/>
      </file>
    </package>
    <package name="DoctrineDataFixtureModule">
      <file name="/home/martin/Work/github/DoctrineDataFixtureModule/src/DoctrineDataFixtureModule/Module.php">
        <class name="Module" namespace="DoctrineDataFixtureModule">
          <metrics methods="5" coveredmethods="0" conditionals="0" coveredconditionals="0" statements="54" coveredstatements="0" elements="59" coveredelements="0"/>
        </class>
        <line num="18" type="stmt" count="0"/>
        <line num="47" type="method" name="getAutoloaderConfig" crap="2" count="0"/>
        <line num="48" type="stmt" count="0"/>
        <line num="49" type="stmt" count="0"/>
        <line num="50" type="stmt" count="0"/>
        <line num="51" type="stmt" count="0"/>
        <line num="52" type="stmt" count="0"/>
        <line num="53" type="stmt" count="0"/>
        <line num="54" type="stmt" count="0"/>
        <line num="55" type="stmt" count="0"/>
        <line num="56" type="stmt" count="0"/>
        <line num="61" type="method" name="init" crap="2" count="0"/>
        <line num="62" type="stmt" count="0"/>
        <line num="63" type="stmt" count="0"/>
        <line num="66" type="method" name="anonymous function" crap="2" count="0"/>
        <line num="67" type="stmt" count="0"/>
        <line num="68" type="stmt" count="0"/>
        <line num="70" type="stmt" count="0"/>
        <line num="71" type="stmt" count="0"/>
        <line num="72" type="stmt" count="0"/>
        <line num="73" type="stmt" count="0"/>
        <line num="74" type="stmt" count="0"/>
        <line num="76" type="stmt" count="0"/>
        <line num="77" type="stmt" count="0"/>
        <line num="78" type="stmt" count="0"/>
        <line num="79" type="stmt" count="0"/>
        <line num="80" type="stmt" count="0"/>
        <line num="81" type="stmt" count="0"/>
        <line num="82" type="stmt" count="0"/>
        <line num="87" type="method" name="getConfig" crap="2" count="0"/>
        <line num="88" type="stmt" count="0"/>
        <line num="89" type="stmt" count="0"/>
        <line num="90" type="stmt" count="0"/>
        <line num="95" type="method" name="getServiceConfig" crap="2" count="0"/>
        <line num="96" type="stmt" count="0"/>
        <line num="97" type="stmt" count="0"/>
        <line num="98" type="stmt" count="0"/>
        <line num="99" type="stmt" count="0"/>
        <line num="100" type="stmt" count="0"/>
        <line num="101" type="stmt" count="0"/>
        <line num="102" type="stmt" count="0"/>
        <metrics loc="103" ncloc="63" classes="1" methods="5" coveredmethods="0" conditionals="0" coveredconditionals="0" statements="41" coveredstatements="0" elements="46" coveredelements="0"/>
      </file>
    </package>
    <package name="DoctrineDataFixtureModule\Service">
      <file name="/home/martin/Work/github/DoctrineDataFixtureModule/src/DoctrineDataFixtureModule/Service/FixtureFactory.php">
        <class name="FixtureFactory" namespace="DoctrineDataFixtureModule\Service">
          <metrics methods="2" coveredmethods="0" conditionals="0" coveredconditionals="0" statements="13" coveredstatements="0" elements="15" coveredelements="0"/>
        </class>
        <line num="18" type="stmt" count="0"/>
        <line num="35" type="method" name="createService" crap="2" count="0"/>
        <line num="36" type="stmt" count="0"/>
        <line num="38" type="stmt" count="0"/>
        <line num="40" type="stmt" count="0"/>
        <line num="41" type="stmt" count="0"/>
        <line num="52" type="method" name="getOptions" crap="6" count="0"/>
        <line num="53" type="stmt" count="0"/>
        <line num="54" type="stmt" count="0"/>
        <line num="55" type="stmt" count="0"/>
        <line num="56" type="stmt" count="0"/>
        <line num="57" type="stmt" count="0"/>
        <line num="59" type="stmt" count="0"/>
        <line num="60" type="stmt" count="0"/>
        <metrics loc="61" ncloc="27" classes="1" methods="2" coveredmethods="0" conditionals="0" coveredconditionals="0" statements="14" coveredstatements="0" elements="16" coveredelements="0"/>
      </file>
    </package>
    <metrics files="4" loc="357" ncloc="220" classes="4" methods="14" coveredmethods="5" conditionals="0" coveredconditionals="0" statements="107" coveredstatements="49" elements="121" coveredelements="54"/>
  </project>
</coverage>
